<?xml version="1.0" encoding="UTF-8"?>
<!-- Generated by org.testng.reporters.JUnitReportReporter -->
<testsuite hostname="LAPTOP-HHUMO6R2" failures="0" tests="1" name="com.qa.Selenium.Dropdowns" time="7.444" errors="0" timestamp="2021-09-25T19:15:47 IST" skipped="0">
  <testcase classname="com.qa.Selenium.Dropdowns" name="staticDropdowns" time="7.444"/>
  <system-out/>
</testsuite> <!-- com.qa.Selenium.Dropdowns -->
