<?xml version="1.0" encoding="UTF-8"?>
<!-- Generated by org.testng.reporters.JUnitReportReporter -->
<testsuite hostname="LAPTOP-HHUMO6R2" failures="0" tests="1" name="com.qa.TestingPart.HandlingWindows" time="8.902" errors="0" timestamp="2021-10-06T21:27:10 IST" skipped="0">
  <testcase classname="com.qa.TestingPart.HandlingWindows" name="windowTest" time="8.902"/>
  <system-out/>
</testsuite> <!-- com.qa.TestingPart.HandlingWindows -->
