<?xml version="1.0" encoding="UTF-8"?>
<!-- Generated by org.testng.reporters.JUnitReportReporter -->
<testsuite hostname="LAPTOP-HHUMO6R2" failures="0" tests="1" name="com.qa.TestingPart.AddItemsToCart" time="4.386" errors="0" timestamp="2021-10-06T19:53:08 IST" skipped="0">
  <testcase classname="com.qa.TestingPart.AddItemsToCart" name="addItemsToCartTest" time="4.386"/>
  <system-out/>
</testsuite> <!-- com.qa.TestingPart.AddItemsToCart -->
