<?xml version="1.0" encoding="UTF-8"?>
<!-- Generated by org.testng.reporters.JUnitReportReporter -->
<testsuite hostname="LAPTOP-HHUMO6R2" failures="0" tests="2" name="com.qa.Selenium.Tests.HomePageTest" time="8.956" errors="0" timestamp="2021-09-25T23:19:43 IST" skipped="0">
  <testcase classname="com.qa.Selenium.Tests.HomePageTest" name="verifyShopPageTitle" time="4.436"/>
  <system-out/>
  <testcase classname="com.qa.Selenium.Tests.HomePageTest" name="fillFormTest" time="4.520"/>
  <system-out/>
</testsuite> <!-- com.qa.Selenium.Tests.HomePageTest -->
