<?xml version="1.0" encoding="UTF-8"?>
<!-- Generated by org.testng.reporters.JUnitReportReporter -->
<testsuite hostname="LAPTOP-HHUMO6R2" failures="0" tests="1" name="com.qa.TestingPart.Alert" time="10.524" errors="0" timestamp="2021-09-29T19:40:37 IST" skipped="0">
  <testcase classname="com.qa.TestingPart.Alert" name="alertEx" time="10.524"/>
  <system-out/>
</testsuite> <!-- com.qa.TestingPart.Alert -->
