<?xml version="1.0" encoding="UTF-8"?>
<!-- Generated by org.testng.reporters.JUnitReportReporter -->
<testsuite hostname="LAPTOP-HHUMO6R2" failures="0" tests="1" name="com.qa.PracticePage.PracticePageSec1Test" time="4.911" errors="0" timestamp="2021-09-26T13:25:27 IST" skipped="0">
  <testcase classname="com.qa.PracticePage.PracticePageSec1Test" name="checkBoxTest" time="4.911"/>
  <system-out/>
</testsuite> <!-- com.qa.PracticePage.PracticePageSec1Test -->
