<?xml version="1.0" encoding="UTF-8"?>
<!-- Generated by org.testng.reporters.JUnitReportReporter -->
<testsuite hostname="LAPTOP-HHUMO6R2" failures="0" tests="1" name="com.qa.TestingPart.selectCity" time="10.100" errors="0" timestamp="2021-10-02T21:14:14 IST" skipped="0">
  <testcase classname="com.qa.TestingPart.selectCity" name="selectCities" time="10.100"/>
  <system-out/>
</testsuite> <!-- com.qa.TestingPart.selectCity -->
