<?xml version="1.0" encoding="UTF-8"?>
<!-- Generated by org.testng.reporters.JUnitReportReporter -->
<testsuite hostname="LAPTOP-HHUMO6R2" failures="0" tests="1" name="com.qa.TestingPart.ChildWindow" time="6.193" errors="0" timestamp="2021-10-06T21:47:27 IST" skipped="0">
  <testcase classname="com.qa.TestingPart.ChildWindow" name="window" time="6.193"/>
  <system-out/>
</testsuite> <!-- com.qa.TestingPart.ChildWindow -->
