<?xml version="1.0" encoding="UTF-8"?>
<!-- Generated by org.testng.reporters.JUnitReportReporter -->
<testsuite hostname="LAPTOP-HHUMO6R2" failures="0" tests="1" name="com.qa.Selenium.Tests.ShopTest" time="9.735" errors="0" timestamp="2021-09-29T21:18:47 IST" skipped="0">
  <testcase classname="com.qa.Selenium.Tests.ShopTest" name="addItemsToCart" time="9.735"/>
  <system-out/>
</testsuite> <!-- com.qa.Selenium.Tests.ShopTest -->
