<?xml version="1.0" encoding="UTF-8"?>
<!-- Generated by org.testng.reporters.JUnitReportReporter -->
<testsuite hostname="LAPTOP-HHUMO6R2" failures="0" tests="2" name="com.qa.Selenium.Tests.HomePageTest" time="6.878" errors="0" timestamp="2021-09-29T20:25:55 IST" skipped="0">
  <testcase classname="com.qa.Selenium.Tests.HomePageTest" name="verifyShopPageTitle" time="3.363"/>
  <system-out/>
  <testcase classname="com.qa.Selenium.Tests.HomePageTest" name="fillFormTest" time="3.515"/>
  <system-out/>
</testsuite> <!-- com.qa.Selenium.Tests.HomePageTest -->
